# JRE version: OpenJDK Runtime Environment Temurin-17.0.9+9 (17.0.9+9) (build 17.0.9+9)
# Java VM: OpenJDK 64-Bit Server VM Temurin-17.0.9+9 (17.0.9+9, mixed mode, emulated-client, tiered, compressed oops, compressed class ptrs, g1 gc, windows-amd64)
GC Precious Log:
 CPUs: 4 total, 4 available
 Memory: 7948M
 Large Page Support: Disabled
 NUMA Support: Disabled
 Compressed Oops: Enabled (32-bit)
 Heap Region Size: 1M
 Heap Min Capacity: 8M
 Heap Initial Capacity: 126M
 Heap Max Capacity: 1988M
 Pre-touch: Disabled
 Parallel Workers: 4
 Concurrent Workers: 1
 Concurrent Refinement Workers: 4
 Periodic GC: Disabled
Heap:
 garbage-first heap   total 108544K, used 44040K [0x0000000083c00000, 0x0000000100000000)
  region size 1024K, 11 young (11264K), 5 survivors (5120K)
 Metaspace       used 76614K, committed 77184K, reserved 1179648K
  class space    used 10434K, committed 10688K, reserved 1048576K
GC Heap History (20 events):
Event: 4.172 GC heap after
{Heap after GC invocations=9 (full 0):
 garbage-first heap   total 54272K, used 15806K [0x0000000083c00000, 0x0000000100000000)
  region size 1024K, 2 young (2048K), 2 survivors (2048K)
 Metaspace       used 32157K, committed 32512K, reserved 1114112K
  class space    used 3962K, committed 4160K, reserved 1048576K
}
Event: 4.725 GC heap before
{Heap before GC invocations=9 (full 0):
 garbage-first heap   total 54272K, used 39358K [0x0000000083c00000, 0x0000000100000000)
  region size 1024K, 25 young (25600K), 2 survivors (2048K)
 Metaspace       used 35391K, committed 35776K, reserved 1114112K
  class space    used 4477K, committed 4672K, reserved 1048576K
}
Event: 4.742 GC heap after
{Heap after GC invocations=10 (full 0):
 garbage-first heap   total 54272K, used 17821K [0x0000000083c00000, 0x0000000100000000)
  region size 1024K, 4 young (4096K), 4 survivors (4096K)
 Metaspace       used 35391K, committed 35776K, reserved 1114112K
  class space    used 4477K, committed 4672K, reserved 1048576K
}
Event: 4.824 GC heap before
{Heap before GC invocations=10 (full 0):
 garbage-first heap   total 54272K, used 21917K [0x0000000083c00000, 0x0000000100000000)
  region size 1024K, 9 young (9216K), 4 survivors (4096K)
 Metaspace       used 35877K, committed 36288K, reserved 1114112K
  class space    used 4575K, committed 4800K, reserved 1048576K
}
Event: 4.830 GC heap after
{Heap after GC invocations=11 (full 0):
 garbage-first heap   total 54272K, used 18226K [0x0000000083c00000, 0x0000000100000000)
  region size 1024K, 1 young (1024K), 1 survivors (1024K)
 Metaspace       used 35877K, committed 36288K, reserved 1114112K
  class space    used 4575K, committed 4800K, reserved 1048576K
}
Event: 5.153 GC heap before
{Heap before GC invocations=12 (full 0):
 garbage-first heap   total 54272K, used 44850K [0x0000000083c00000, 0x0000000100000000)
  region size 1024K, 22 young (22528K), 1 survivors (1024K)
 Metaspace       used 37934K, committed 38336K, reserved 1114112K
  class space    used 4823K, committed 4992K, reserved 1048576K
}
Event: 5.164 GC heap after
{Heap after GC invocations=13 (full 0):
 garbage-first heap   total 54272K, used 26123K [0x0000000083c00000, 0x0000000100000000)
  region size 1024K, 3 young (3072K), 3 survivors (3072K)
 Metaspace       used 37934K, committed 38336K, reserved 1114112K
  class space    used 4823K, committed 4992K, reserved 1048576K
}
Event: 5.167 GC heap before
{Heap before GC invocations=13 (full 0):
 garbage-first heap   total 54272K, used 27147K [0x0000000083c00000, 0x0000000100000000)
  region size 1024K, 4 young (4096K), 3 survivors (3072K)
 Metaspace       used 37934K, committed 38336K, reserved 1114112K
  class space    used 4823K, committed 4992K, reserved 1048576K
}
Event: 5.173 GC heap after
{Heap after GC invocations=14 (full 0):
 garbage-first heap   total 108544K, used 26831K [0x0000000083c00000, 0x0000000100000000)
  region size 1024K, 1 young (1024K), 1 survivors (1024K)
 Metaspace       used 37934K, committed 38336K, reserved 1114112K
  class space    used 4823K, committed 4992K, reserved 1048576K
}
Event: 6.376 GC heap before
{Heap before GC invocations=14 (full 0):
 garbage-first heap   total 108544K, used 81103K [0x0000000083c00000, 0x0000000100000000)
  region size 1024K, 53 young (54272K), 1 survivors (1024K)
 Metaspace       used 48210K, committed 48704K, reserved 1114112K
  class space    used 6242K, committed 6464K, reserved 1048576K
}
Event: 6.386 GC heap after
{Heap after GC invocations=15 (full 0):
 garbage-first heap   total 108544K, used 30716K [0x0000000083c00000, 0x0000000100000000)
  region size 1024K, 5 young (5120K), 5 survivors (5120K)
 Metaspace       used 48210K, committed 48704K, reserved 1114112K
  class space    used 6242K, committed 6464K, reserved 1048576K
}
Event: 8.225 GC heap before
{Heap before GC invocations=15 (full 0):
 garbage-first heap   total 108544K, used 67580K [0x0000000083c00000, 0x0000000100000000)
  region size 1024K, 43 young (44032K), 5 survivors (5120K)
 Metaspace       used 60298K, committed 60736K, reserved 1114112K
  class space    used 7913K, committed 8128K, reserved 1048576K
}
Event: 8.236 GC heap after
{Heap after GC invocations=16 (full 0):
 garbage-first heap   total 108544K, used 33610K [0x0000000083c00000, 0x0000000100000000)
  region size 1024K, 3 young (3072K), 3 survivors (3072K)
 Metaspace       used 60298K, committed 60736K, reserved 1114112K
  class space    used 7913K, committed 8128K, reserved 1048576K
}
Event: 9.652 GC heap before
{Heap before GC invocations=17 (full 0):
 garbage-first heap   total 108544K, used 78666K [0x0000000083c00000, 0x0000000100000000)
  region size 1024K, 50 young (51200K), 3 survivors (3072K)
 Metaspace       used 68964K, committed 69504K, reserved 1114112K
  class space    used 9325K, committed 9600K, reserved 1048576K
}
Event: 9.664 GC heap after
{Heap after GC invocations=18 (full 0):
 garbage-first heap   total 108544K, used 33423K [0x0000000083c00000, 0x0000000100000000)
  region size 1024K, 6 young (6144K), 6 survivors (6144K)
 Metaspace       used 68964K, committed 69504K, reserved 1114112K
  class space    used 9325K, committed 9600K, reserved 1048576K
}
Event: 552.484 GC heap before
{Heap before GC invocations=19 (full 0):
 garbage-first heap   total 108544K, used 82575K [0x0000000083c00000, 0x0000000100000000)
  region size 1024K, 54 young (55296K), 6 survivors (6144K)
 Metaspace       used 72423K, committed 72960K, reserved 1114112K
  class space    used 9856K, committed 10112K, reserved 1048576K
}
Event: 552.521 GC heap after
{Heap after GC invocations=20 (full 0):
 garbage-first heap   total 108544K, used 36498K [0x0000000083c00000, 0x0000000100000000)
  region size 1024K, 7 young (7168K), 7 survivors (7168K)
 Metaspace       used 72423K, committed 72960K, reserved 1114112K
  class space    used 9856K, committed 10112K, reserved 1048576K
}
Event: 6616.870 GC heap before
{Heap before GC invocations=20 (full 0):
 garbage-first heap   total 108544K, used 82578K [0x0000000083c00000, 0x0000000100000000)
  region size 1024K, 53 young (54272K), 7 survivors (7168K)
 Metaspace       used 76506K, committed 77120K, reserved 1179648K
  class space    used 10410K, committed 10688K, reserved 1048576K
}
Event: 6616.903 GC heap after
{Heap after GC invocations=21 (full 0):
 garbage-first heap   total 108544K, used 37943K [0x0000000083c00000, 0x0000000100000000)
  region size 1024K, 5 young (5120K), 5 survivors (5120K)
 Metaspace       used 76506K, committed 77120K, reserved 1179648K
  class space    used 10410K, committed 10688K, reserved 1048576K
}
Event: 6785.279 GC heap before
{Heap before GC invocations=21 (full 0):
 garbage-first heap   total 108544K, used 43063K [0x0000000083c00000, 0x0000000100000000)
  region size 1024K, 11 young (11264K), 5 survivors (5120K)
 Metaspace       used 76614K, committed 77184K, reserved 1179648K
  class space    used 10434K, committed 10688K, reserved 1048576K
}

